<?xml version="1.0" encoding="UTF-8"?>
<!-- Generated by org.testng.reporters.JUnitXMLReporter -->
<testsuite ignored="0" hostname="LAPTOP-84F6M2UA" failures="0" tests="4" name="Default test" time="0.133" errors="0" timestamp="2023-09-14T10:14:50 IST">
  <testcase classname="TestingJenkins.TestCase2" name="chi" time="0.03"/>
  <testcase classname="TestingJenkins.TestCase2" name="no" time="0.003"/>
  <testcase classname="TestingJenkins.TestCase2" name="sa" time="0.003"/>
  <testcase classname="TestingJenkins.TestCase2" name="tu" time="0.002"/>
</testsuite> <!-- Default test -->
