<?xml version="1.0" encoding="UTF-8"?>
<!-- Generated by org.testng.reporters.JUnitXMLReporter -->
<testsuite ignored="0" hostname="LAPTOP-84F6M2UA" failures="0" tests="8" name="Test" time="0.205" errors="0" timestamp="2023-09-14T10:15:27 IST">
  <testcase classname="TestingJenkins.TestCase1" name="ge" time="0.031"/>
  <testcase classname="TestingJenkins.TestCase1" name="jp" time="0.004"/>
  <testcase classname="TestingJenkins.TestCase1" name="po" time="0.007"/>
  <testcase classname="TestingJenkins.TestCase1" name="sl" time="0.005"/>
  <testcase classname="TestingJenkins.TestCase2" name="chi" time="0.003"/>
  <testcase classname="TestingJenkins.TestCase2" name="no" time="0.001"/>
  <testcase classname="TestingJenkins.TestCase2" name="sa" time="0.001"/>
  <testcase classname="TestingJenkins.TestCase2" name="tu" time="0.002"/>
</testsuite> <!-- Test -->
