<?xml version="1.0" encoding="UTF-8"?>
<testng-results ignored="0" total="8" passed="8" failed="0" skipped="0">
  <reporter-output>
  </reporter-output>
  <suite started-at="2023-09-14T10:15:27 IST" name="Suite" finished-at="2023-09-14T10:15:27 IST" duration-ms="205">
    <groups>
    </groups>
    <test started-at="2023-09-14T10:15:27 IST" name="Test" finished-at="2023-09-14T10:15:27 IST" duration-ms="205">
      <class name="TestingJenkins.TestCase2">
        <test-method signature="chi()[pri:0, instance:TestingJenkins.TestCase2@49139829]" started-at="2023-09-14T10:15:27 IST" name="chi" finished-at="2023-09-14T10:15:27 IST" duration-ms="3" status="PASS">
          <reporter-output>
          </reporter-output>
        </test-method> <!-- chi -->
        <test-method signature="no()[pri:0, instance:TestingJenkins.TestCase2@49139829]" started-at="2023-09-14T10:15:27 IST" name="no" finished-at="2023-09-14T10:15:27 IST" duration-ms="1" status="PASS">
          <reporter-output>
          </reporter-output>
        </test-method> <!-- no -->
        <test-method signature="sa()[pri:0, instance:TestingJenkins.TestCase2@49139829]" started-at="2023-09-14T10:15:27 IST" name="sa" finished-at="2023-09-14T10:15:27 IST" duration-ms="1" status="PASS">
          <reporter-output>
          </reporter-output>
        </test-method> <!-- sa -->
        <test-method signature="tu()[pri:0, instance:TestingJenkins.TestCase2@49139829]" started-at="2023-09-14T10:15:27 IST" name="tu" finished-at="2023-09-14T10:15:27 IST" duration-ms="2" status="PASS">
          <reporter-output>
          </reporter-output>
        </test-method> <!-- tu -->
      </class> <!-- TestingJenkins.TestCase2 -->
      <class name="TestingJenkins.TestCase1">
        <test-method signature="ge()[pri:0, instance:TestingJenkins.TestCase1@7f3b84b8]" started-at="2023-09-14T10:15:27 IST" name="ge" finished-at="2023-09-14T10:15:27 IST" duration-ms="31" status="PASS">
          <reporter-output>
          </reporter-output>
        </test-method> <!-- ge -->
        <test-method signature="jp()[pri:0, instance:TestingJenkins.TestCase1@7f3b84b8]" started-at="2023-09-14T10:15:27 IST" name="jp" finished-at="2023-09-14T10:15:27 IST" duration-ms="4" status="PASS">
          <reporter-output>
          </reporter-output>
        </test-method> <!-- jp -->
        <test-method signature="po()[pri:0, instance:TestingJenkins.TestCase1@7f3b84b8]" started-at="2023-09-14T10:15:27 IST" name="po" finished-at="2023-09-14T10:15:27 IST" duration-ms="7" status="PASS">
          <reporter-output>
          </reporter-output>
        </test-method> <!-- po -->
        <test-method signature="sl()[pri:0, instance:TestingJenkins.TestCase1@7f3b84b8]" started-at="2023-09-14T10:15:27 IST" name="sl" finished-at="2023-09-14T10:15:27 IST" duration-ms="5" status="PASS">
          <reporter-output>
          </reporter-output>
        </test-method> <!-- sl -->
      </class> <!-- TestingJenkins.TestCase1 -->
    </test> <!-- Test -->
  </suite> <!-- Suite -->
</testng-results>
